[
  {
    "line": 3,
    "elements": [
      {
        "before": [
          {
            "result": {
              "duration": 4991810280,
              "status": "passed"
            },
            "match": {
              "location": "Login.setup()"
            }
          },
          {
            "result": {
              "duration": 2223158370,
              "status": "passed"
            },
            "match": {
              "location": "Forgotpassword.setup()"
            }
          },
          {
            "result": {
              "duration": 2172067955,
              "status": "passed"
            },
            "match": {
              "location": "Common.setup()"
            }
          }
        ],
        "line": 4,
        "name": "As a user i want to reset my password",
        "description": "",
        "id": "forgot-password;as-a-user-i-want-to-reset-my-password",
        "type": "scenario",
        "keyword": "Scenario",
        "steps": [
          {
            "result": {
              "duration": 9000521061,
              "status": "passed"
            },
            "line": 5,
            "name": "i am on the home page",
            "match": {
              "location": "Common.i_am_on_the_home_page()"
            },
            "keyword": "Given "
          },
          {
            "result": {
              "duration": 93355641,
              "status": "passed"
            },
            "line": 6,
            "name": "i see a logo banner",
            "match": {
              "location": "Common.i_see_a_logo_banner()"
            },
            "keyword": "And "
          },
          {
            "result": {
              "duration": 4404131183,
              "status": "passed"
            },
            "line": 7,
            "name": "i click on sign in",
            "match": {
              "location": "Common.iClickOnSignIn()"
            },
            "keyword": "When "
          },
          {
            "result": {
              "duration": 3579919062,
              "status": "passed"
            },
            "line": 8,
            "name": "i click forgot password link",
            "match": {
              "location": "Forgotpassword.i_click_forgot_password_link()"
            },
            "keyword": "And "
          },
          {
            "result": {
              "duration": 213887259,
              "status": "passed"
            },
            "line": 9,
            "name": "i enter email in the email field",
            "match": {
              "location": "Login.iEnterEmailInTheEmailField()"
            },
            "keyword": "And "
          },
          {
            "result": {
              "duration": 876457932,
              "status": "passed"
            },
            "line": 10,
            "name": "i click retrieve password button",
            "match": {
              "location": "Forgotpassword.iClickRetrievePasswordButton()"
            },
            "keyword": "And "
          }
        ]
      }
    ],
    "name": "forgot password",
    "description": "",
    "id": "forgot-password",
    "keyword": "Feature",
    "uri": "forgot password.feature",
    "tags": [
      {
        "line": 1,
        "name": "@ForgotPassword"
      }
    ]
  },
  {
    "line": 3,
    "elements": [
      {
        "before": [
          {
            "result": {
              "duration": 2244443337,
              "status": "passed"
            },
            "match": {
              "location": "Login.setup()"
            }
          },
          {
            "result": {
              "duration": 2517468761,
              "status": "passed"
            },
            "match": {
              "location": "Forgotpassword.setup()"
            }
          },
          {
            "result": {
              "duration": 2309280324,
              "status": "passed"
            },
            "match": {
              "location": "Common.setup()"
            }
          }
        ],
        "line": 15,
        "name": "As a user i want to see error message when i login incorrectly.",
        "description": "",
        "id": "invalid-login;as-a-user-i-want-to-see-error-message-when-i-login-incorrectly.;;2",
        "type": "scenario",
        "keyword": "Scenario Outline",
        "steps": [
          {
            "result": {
              "duration": 8668132056,
              "status": "passed"
            },
            "line": 5,
            "name": "i am on the home page",
            "match": {
              "location": "Common.i_am_on_the_home_page()"
            },
            "keyword": "Given "
          },
          {
            "result": {
              "duration": 4164494068,
              "error_message": "org.openqa.selenium.WebDriverException: chrome not reachable\n  (Session info: chrome\u003d69.0.3497.100)\n  (Driver info: chromedriver\u003d2.36.540470 (e522d04694c7ebea4ba8821272dbef4f9b818c91),platform\u003dWindows NT 10.0.17134 x86_64) (WARNING: The server did not provide any stacktrace information)\nCommand duration or timeout: 4.15 seconds\nBuild info: version: \u00273.0.1\u0027, revision: \u00271969d75\u0027, time: \u00272016-10-18 09:49:13 -0700\u0027\nSystem info: host: \u0027LAPTOP-E0QTK1KN\u0027, ip: \u0027192.168.208.1\u0027, os.name: \u0027Windows 10\u0027, os.arch: \u0027amd64\u0027, os.version: \u002710.0\u0027, java.version: \u00271.8.0_172\u0027\nDriver info: org.openqa.selenium.chrome.ChromeDriver\nCapabilities [{applicationCacheEnabled\u003dfalse, rotatable\u003dfalse, mobileEmulationEnabled\u003dfalse, networkConnectionEnabled\u003dfalse, chrome\u003d{chromedriverVersion\u003d2.36.540470 (e522d04694c7ebea4ba8821272dbef4f9b818c91), userDataDir\u003dC:\\Users\\abeln\\AppData\\Local\\Temp\\scoped_dir11344_6701}, takesHeapSnapshot\u003dtrue, pageLoadStrategy\u003dnormal, databaseEnabled\u003dfalse, handlesAlerts\u003dtrue, hasTouchScreen\u003dfalse, version\u003d69.0.3497.100, platform\u003dXP, browserConnectionEnabled\u003dfalse, nativeEvents\u003dtrue, acceptSslCerts\u003dfalse, acceptInsecureCerts\u003dfalse, locationContextEnabled\u003dtrue, webStorageEnabled\u003dtrue, browserName\u003dchrome, takesScreenshot\u003dtrue, javascriptEnabled\u003dtrue, cssSelectorsEnabled\u003dtrue, setWindowRect\u003dtrue, unexpectedAlertBehaviour\u003d}]\nSession ID: e1e2f8643bfa4a6e99399fa0a7ed9955\n*** Element info: {Using\u003did, value\u003dheader_logo}\r\n\tat sun.reflect.NativeConstructorAccessorImpl.newInstance0(Native Method)\r\n\tat sun.reflect.NativeConstructorAccessorImpl.newInstance(NativeConstructorAccessorImpl.java:62)\r\n\tat sun.reflect.DelegatingConstructorAccessorImpl.newInstance(DelegatingConstructorAccessorImpl.java:45)\r\n\tat java.lang.reflect.Constructor.newInstance(Constructor.java:423)\r\n\tat org.openqa.selenium.remote.ErrorHandler.createThrowable(ErrorHandler.java:216)\r\n\tat org.openqa.selenium.remote.ErrorHandler.throwIfResponseFailed(ErrorHandler.java:168)\r\n\tat org.openqa.selenium.remote.RemoteWebDriver.execute(RemoteWebDriver.java:635)\r\n\tat org.openqa.selenium.remote.RemoteWebDriver.findElement(RemoteWebDriver.java:368)\r\n\tat org.openqa.selenium.remote.RemoteWebDriver.findElementById(RemoteWebDriver.java:417)\r\n\tat org.openqa.selenium.By$ById.findElement(By.java:218)\r\n\tat org.openqa.selenium.remote.RemoteWebDriver.findElement(RemoteWebDriver.java:360)\r\n\tat Steps.Common.i_see_a_logo_banner(Common.java:33)\r\n\tat âœ½.And i see a logo banner(invalid login.feature:6)\r\n",
              "status": "failed"
            },
            "line": 6,
            "name": "i see a logo banner",
            "match": {
              "location": "Common.i_see_a_logo_banner()"
            },
            "keyword": "And "
          },
          {
            "result": {
              "status": "skipped"
            },
            "line": 7,
            "name": "i click on sign in",
            "match": {
              "location": "Common.iClickOnSignIn()"
            },
            "keyword": "When "
          },
          {
            "result": {
              "status": "undefined"
            },
            "line": 8,
            "name": "i type user email \"Maxtest964@gmail.com\" details",
            "match": {},
            "matchedColumns": [
              0
            ],
            "keyword": "And "
          },
          {
            "result": {
              "status": "undefined"
            },
            "line": 9,
            "name": "i type user password \"\" details",
            "match": {},
            "matchedColumns": [
              1
            ],
            "keyword": "And "
          },
          {
            "result": {
              "status": "skipped"
            },
            "line": 10,
            "name": "i click on login button",
            "match": {
              "location": "Login.iClickOnLoginButton()"
            },
            "keyword": "And "
          },
          {
            "result": {
              "status": "undefined"
            },
            "line": 11,
            "name": "i see an error \"Password is required.\" message details",
            "match": {},
            "matchedColumns": [
              2
            ],
            "keyword": "Then "
          }
        ],
        "tags": [
          {
            "line": 2,
            "name": "@Ignore"
          }
        ]
      },
      {
        "before": [
          {
            "result": {
              "duration": 5333659941,
              "error_message": "org.openqa.selenium.NoSuchSessionException: no such session\n  (Driver info: chromedriver\u003d2.36.540470 (e522d04694c7ebea4ba8821272dbef4f9b818c91),platform\u003dWindows NT 10.0.17134 x86_64) (WARNING: The server did not provide any stacktrace information)\nCommand duration or timeout: 31 milliseconds\nBuild info: version: \u00273.0.1\u0027, revision: \u00271969d75\u0027, time: \u00272016-10-18 09:49:13 -0700\u0027\nSystem info: host: \u0027LAPTOP-E0QTK1KN\u0027, ip: \u0027192.168.208.1\u0027, os.name: \u0027Windows 10\u0027, os.arch: \u0027amd64\u0027, os.version: \u002710.0\u0027, java.version: \u00271.8.0_172\u0027\nDriver info: org.openqa.selenium.chrome.ChromeDriver\nCapabilities [{message\u003dsession not created exception\nfrom chrome not reachable\n  (Session info: chrome\u003d69.0.3497.100)\n  (Driver info: chromedriver\u003d2.36.540470 (e522d04694c7ebea4ba8821272dbef4f9b818c91),platform\u003dWindows NT 10.0.17134 x86_64), platform\u003dANY}]\nSession ID: 1b176a6bf114dc45420535a1f7c34a48\r\n\tat sun.reflect.NativeConstructorAccessorImpl.newInstance0(Native Method)\r\n\tat sun.reflect.NativeConstructorAccessorImpl.newInstance(NativeConstructorAccessorImpl.java:62)\r\n\tat sun.reflect.DelegatingConstructorAccessorImpl.newInstance(DelegatingConstructorAccessorImpl.java:45)\r\n\tat java.lang.reflect.Constructor.newInstance(Constructor.java:423)\r\n\tat org.openqa.selenium.remote.ErrorHandler.createThrowable(ErrorHandler.java:216)\r\n\tat org.openqa.selenium.remote.ErrorHandler.throwIfResponseFailed(ErrorHandler.java:168)\r\n\tat org.openqa.selenium.remote.RemoteWebDriver.execute(RemoteWebDriver.java:635)\r\n\tat org.openqa.selenium.remote.RemoteWebDriver$RemoteWebDriverOptions$RemoteTimeouts.implicitlyWait(RemoteWebDriver.java:822)\r\n\tat Base.testBase.initialize(testBase.java:44)\r\n\tat Steps.Login.setup(Login.java:19)\r\n\tat sun.reflect.NativeMethodAccessorImpl.invoke0(Native Method)\r\n\tat sun.reflect.NativeMethodAccessorImpl.invoke(NativeMethodAccessorImpl.java:62)\r\n\tat sun.reflect.DelegatingMethodAccessorImpl.invoke(DelegatingMethodAccessorImpl.java:43)\r\n\tat java.lang.reflect.Method.invoke(Method.java:498)\r\n\tat cucumber.runtime.Utils$1.call(Utils.java:40)\r\n\tat cucumber.runtime.Timeout.timeout(Timeout.java:16)\r\n\tat cucumber.runtime.Utils.invoke(Utils.java:34)\r\n\tat cucumber.runtime.java.JavaHookDefinition.execute(JavaHookDefinition.java:60)\r\n\tat cucumber.runtime.Runtime.runHookIfTagsMatch(Runtime.java:224)\r\n\tat cucumber.runtime.Runtime.runHooks(Runtime.java:212)\r\n\tat cucumber.runtime.Runtime.runBeforeHooks(Runtime.java:202)\r\n\tat cucumber.runtime.model.CucumberScenario.run(CucumberScenario.java:40)\r\n\tat cucumber.runtime.junit.ExecutionUnitRunner.run(ExecutionUnitRunner.java:102)\r\n\tat org.junit.runners.Suite.runChild(Suite.java:128)\r\n\tat org.junit.runners.Suite.runChild(Suite.java:27)\r\n\tat org.junit.runners.ParentRunner$3.run(ParentRunner.java:290)\r\n\tat org.junit.runners.ParentRunner$1.schedule(ParentRunner.java:71)\r\n\tat org.junit.runners.ParentRunner.runChildren(ParentRunner.java:288)\r\n\tat org.junit.runners.ParentRunner.access$000(ParentRunner.java:58)\r\n\tat org.junit.runners.ParentRunner$2.evaluate(ParentRunner.java:268)\r\n\tat org.junit.runners.ParentRunner.run(ParentRunner.java:363)\r\n\tat cucumber.runtime.junit.ExamplesRunner.run(ExamplesRunner.java:59)\r\n\tat org.junit.runners.Suite.runChild(Suite.java:128)\r\n\tat org.junit.runners.Suite.runChild(Suite.java:27)\r\n\tat org.junit.runners.ParentRunner$3.run(ParentRunner.java:290)\r\n\tat org.junit.runners.ParentRunner$1.schedule(ParentRunner.java:71)\r\n\tat org.junit.runners.ParentRunner.runChildren(ParentRunner.java:288)\r\n\tat org.junit.runners.ParentRunner.access$000(ParentRunner.java:58)\r\n\tat org.junit.runners.ParentRunner$2.evaluate(ParentRunner.java:268)\r\n\tat org.junit.runners.ParentRunner.run(ParentRunner.java:363)\r\n\tat cucumber.runtime.junit.ScenarioOutlineRunner.run(ScenarioOutlineRunner.java:53)\r\n\tat cucumber.runtime.junit.FeatureRunner.runChild(FeatureRunner.java:63)\r\n\tat cucumber.runtime.junit.FeatureRunner.runChild(FeatureRunner.java:18)\r\n\tat org.junit.runners.ParentRunner$3.run(ParentRunner.java:290)\r\n\tat org.junit.runners.ParentRunner$1.schedule(ParentRunner.java:71)\r\n\tat org.junit.runners.ParentRunner.runChildren(ParentRunner.java:288)\r\n\tat org.junit.runners.ParentRunner.access$000(ParentRunner.java:58)\r\n\tat org.junit.runners.ParentRunner$2.evaluate(ParentRunner.java:268)\r\n\tat org.junit.runners.ParentRunner.run(ParentRunner.java:363)\r\n\tat cucumber.runtime.junit.FeatureRunner.run(FeatureRunner.java:70)\r\n\tat cucumber.api.junit.Cucumber.runChild(Cucumber.java:95)\r\n\tat cucumber.api.junit.Cucumber.runChild(Cucumber.java:38)\r\n\tat org.junit.runners.ParentRunner$3.run(ParentRunner.java:290)\r\n\tat org.junit.runners.ParentRunner$1.schedule(ParentRunner.java:71)\r\n\tat org.junit.runners.ParentRunner.runChildren(ParentRunner.java:288)\r\n\tat org.junit.runners.ParentRunner.access$000(ParentRunner.java:58)\r\n\tat org.junit.runners.ParentRunner$2.evaluate(ParentRunner.java:268)\r\n\tat org.junit.runners.ParentRunner.run(ParentRunner.java:363)\r\n\tat cucumber.api.junit.Cucumber.run(Cucumber.java:100)\r\n\tat org.junit.runner.JUnitCore.run(JUnitCore.java:137)\r\n\tat com.intellij.junit4.JUnit4IdeaTestRunner.startRunnerWithArgs(JUnit4IdeaTestRunner.java:68)\r\n\tat com.intellij.rt.execution.junit.IdeaTestRunner$Repeater.startRunnerWithArgs(IdeaTestRunner.java:47)\r\n\tat com.intellij.rt.execution.junit.JUnitStarter.prepareStreamsAndStart(JUnitStarter.java:242)\r\n\tat com.intellij.rt.execution.junit.JUnitStarter.main(JUnitStarter.java:70)\r\n",
              "status": "failed"
            },
            "match": {
              "location": "Login.setup()"
            }
          },
          {
            "result": {
              "duration": 2124281748,
              "status": "passed"
            },
            "match": {
              "location": "Forgotpassword.setup()"
            }
          },
          {
            "result": {
              "duration": 2056997284,
              "status": "passed"
            },
            "match": {
              "location": "Common.setup()"
            }
          }
        ],
        "line": 16,
        "name": "As a user i want to see error message when i login incorrectly.",
        "description": "",
        "id": "invalid-login;as-a-user-i-want-to-see-error-message-when-i-login-incorrectly.;;3",
        "type": "scenario",
        "keyword": "Scenario Outline",
        "steps": [
          {
            "result": {
              "status": "skipped"
            },
            "line": 5,
            "name": "i am on the home page",
            "match": {
              "location": "Common.i_am_on_the_home_page()"
            },
            "keyword": "Given "
          },
          {
            "result": {
              "status": "skipped"
            },
            "line": 6,
            "name": "i see a logo banner",
            "match": {
              "location": "Common.i_see_a_logo_banner()"
            },
            "keyword": "And "
          },
          {
            "result": {
              "status": "skipped"
            },
            "line": 7,
            "name": "i click on sign in",
            "match": {
              "location": "Common.iClickOnSignIn()"
            },
            "keyword": "When "
          },
          {
            "result": {
              "status": "undefined"
            },
            "line": 8,
            "name": "i type user email \"\" details",
            "match": {},
            "matchedColumns": [
              0
            ],
            "keyword": "And "
          },
          {
            "result": {
              "status": "undefined"
            },
            "line": 9,
            "name": "i type user password \"Monday2\" details",
            "match": {},
            "matchedColumns": [
              1
            ],
            "keyword": "And "
          },
          {
            "result": {
              "status": "skipped"
            },
            "line": 10,
            "name": "i click on login button",
            "match": {
              "location": "Login.iClickOnLoginButton()"
            },
            "keyword": "And "
          },
          {
            "result": {
              "status": "undefined"
            },
            "line": 11,
            "name": "i see an error \"An email address required.\" message details",
            "match": {},
            "matchedColumns": [
              2
            ],
            "keyword": "Then "
          }
        ],
        "tags": [
          {
            "line": 2,
            "name": "@Ignore"
          }
        ]
      }
    ],
    "name": "invalid login",
    "description": "",
    "id": "invalid-login",
    "keyword": "Feature",
    "uri": "invalid login.feature",
    "tags": [
      {
        "line": 2,
        "name": "@Ignore"
      }
    ]
  },
  {
    "line": 2,
    "elements": [
      {
        "before": [
          {
            "result": {
              "duration": 5333496448,
              "error_message": "org.openqa.selenium.NoSuchSessionException: no such session\n  (Driver info: chromedriver\u003d2.36.540470 (e522d04694c7ebea4ba8821272dbef4f9b818c91),platform\u003dWindows NT 10.0.17134 x86_64) (WARNING: The server did not provide any stacktrace information)\nCommand duration or timeout: 31 milliseconds\nBuild info: version: \u00273.0.1\u0027, revision: \u00271969d75\u0027, time: \u00272016-10-18 09:49:13 -0700\u0027\nSystem info: host: \u0027LAPTOP-E0QTK1KN\u0027, ip: \u0027192.168.208.1\u0027, os.name: \u0027Windows 10\u0027, os.arch: \u0027amd64\u0027, os.version: \u002710.0\u0027, java.version: \u00271.8.0_172\u0027\nDriver info: org.openqa.selenium.chrome.ChromeDriver\nCapabilities [{message\u003dsession not created exception\nfrom chrome not reachable\n  (Session info: chrome\u003d69.0.3497.100)\n  (Driver info: chromedriver\u003d2.36.540470 (e522d04694c7ebea4ba8821272dbef4f9b818c91),platform\u003dWindows NT 10.0.17134 x86_64), platform\u003dANY}]\nSession ID: db3874e7c32866ee3dbb92140c563e38\r\n\tat sun.reflect.NativeConstructorAccessorImpl.newInstance0(Native Method)\r\n\tat sun.reflect.NativeConstructorAccessorImpl.newInstance(NativeConstructorAccessorImpl.java:62)\r\n\tat sun.reflect.DelegatingConstructorAccessorImpl.newInstance(DelegatingConstructorAccessorImpl.java:45)\r\n\tat java.lang.reflect.Constructor.newInstance(Constructor.java:423)\r\n\tat org.openqa.selenium.remote.ErrorHandler.createThrowable(ErrorHandler.java:216)\r\n\tat org.openqa.selenium.remote.ErrorHandler.throwIfResponseFailed(ErrorHandler.java:168)\r\n\tat org.openqa.selenium.remote.RemoteWebDriver.execute(RemoteWebDriver.java:635)\r\n\tat org.openqa.selenium.remote.RemoteWebDriver$RemoteWebDriverOptions$RemoteTimeouts.implicitlyWait(RemoteWebDriver.java:822)\r\n\tat Base.testBase.initialize(testBase.java:44)\r\n\tat Steps.Login.setup(Login.java:19)\r\n\tat sun.reflect.NativeMethodAccessorImpl.invoke0(Native Method)\r\n\tat sun.reflect.NativeMethodAccessorImpl.invoke(NativeMethodAccessorImpl.java:62)\r\n\tat sun.reflect.DelegatingMethodAccessorImpl.invoke(DelegatingMethodAccessorImpl.java:43)\r\n\tat java.lang.reflect.Method.invoke(Method.java:498)\r\n\tat cucumber.runtime.Utils$1.call(Utils.java:40)\r\n\tat cucumber.runtime.Timeout.timeout(Timeout.java:16)\r\n\tat cucumber.runtime.Utils.invoke(Utils.java:34)\r\n\tat cucumber.runtime.java.JavaHookDefinition.execute(JavaHookDefinition.java:60)\r\n\tat cucumber.runtime.Runtime.runHookIfTagsMatch(Runtime.java:224)\r\n\tat cucumber.runtime.Runtime.runHooks(Runtime.java:212)\r\n\tat cucumber.runtime.Runtime.runBeforeHooks(Runtime.java:202)\r\n\tat cucumber.runtime.model.CucumberScenario.run(CucumberScenario.java:40)\r\n\tat cucumber.runtime.junit.ExecutionUnitRunner.run(ExecutionUnitRunner.java:102)\r\n\tat cucumber.runtime.junit.FeatureRunner.runChild(FeatureRunner.java:63)\r\n\tat cucumber.runtime.junit.FeatureRunner.runChild(FeatureRunner.java:18)\r\n\tat org.junit.runners.ParentRunner$3.run(ParentRunner.java:290)\r\n\tat org.junit.runners.ParentRunner$1.schedule(ParentRunner.java:71)\r\n\tat org.junit.runners.ParentRunner.runChildren(ParentRunner.java:288)\r\n\tat org.junit.runners.ParentRunner.access$000(ParentRunner.java:58)\r\n\tat org.junit.runners.ParentRunner$2.evaluate(ParentRunner.java:268)\r\n\tat org.junit.runners.ParentRunner.run(ParentRunner.java:363)\r\n\tat cucumber.runtime.junit.FeatureRunner.run(FeatureRunner.java:70)\r\n\tat cucumber.api.junit.Cucumber.runChild(Cucumber.java:95)\r\n\tat cucumber.api.junit.Cucumber.runChild(Cucumber.java:38)\r\n\tat org.junit.runners.ParentRunner$3.run(ParentRunner.java:290)\r\n\tat org.junit.runners.ParentRunner$1.schedule(ParentRunner.java:71)\r\n\tat org.junit.runners.ParentRunner.runChildren(ParentRunner.java:288)\r\n\tat org.junit.runners.ParentRunner.access$000(ParentRunner.java:58)\r\n\tat org.junit.runners.ParentRunner$2.evaluate(ParentRunner.java:268)\r\n\tat org.junit.runners.ParentRunner.run(ParentRunner.java:363)\r\n\tat cucumber.api.junit.Cucumber.run(Cucumber.java:100)\r\n\tat org.junit.runner.JUnitCore.run(JUnitCore.java:137)\r\n\tat com.intellij.junit4.JUnit4IdeaTestRunner.startRunnerWithArgs(JUnit4IdeaTestRunner.java:68)\r\n\tat com.intellij.rt.execution.junit.IdeaTestRunner$Repeater.startRunnerWithArgs(IdeaTestRunner.java:47)\r\n\tat com.intellij.rt.execution.junit.JUnitStarter.prepareStreamsAndStart(JUnitStarter.java:242)\r\n\tat com.intellij.rt.execution.junit.JUnitStarter.main(JUnitStarter.java:70)\r\n",
              "status": "failed"
            },
            "match": {
              "location": "Login.setup()"
            }
          },
          {
            "result": {
              "duration": 2055998960,
              "status": "passed"
            },
            "match": {
              "location": "Forgotpassword.setup()"
            }
          },
          {
            "result": {
              "duration": 2213395650,
              "status": "passed"
            },
            "match": {
              "location": "Common.setup()"
            }
          }
        ],
        "line": 3,
        "name": "as a user i want to login successfully",
        "description": "",
        "id": "login;as-a-user-i-want-to-login-successfully",
        "type": "scenario",
        "keyword": "Scenario",
        "steps": [
          {
            "result": {
              "status": "skipped"
            },
            "line": 4,
            "name": "i am on the home page",
            "match": {
              "location": "Common.i_am_on_the_home_page()"
            },
            "keyword": "Given "
          },
          {
            "result": {
              "status": "skipped"
            },
            "line": 5,
            "name": "i see a logo banner",
            "match": {
              "location": "Common.i_see_a_logo_banner()"
            },
            "keyword": "And "
          },
          {
            "result": {
              "status": "skipped"
            },
            "line": 6,
            "name": "i click on sign in",
            "match": {
              "location": "Common.iClickOnSignIn()"
            },
            "keyword": "When "
          },
          {
            "result": {
              "status": "skipped"
            },
            "line": 7,
            "name": "i enter email in the email field",
            "match": {
              "location": "Login.iEnterEmailInTheEmailField()"
            },
            "keyword": "And "
          },
          {
            "result": {
              "status": "skipped"
            },
            "line": 8,
            "name": "i enter password in the password field",
            "match": {
              "location": "Login.iEnterPasswordInThePasswordField()"
            },
            "keyword": "And "
          },
          {
            "result": {
              "status": "skipped"
            },
            "line": 9,
            "name": "i click on login button",
            "match": {
              "location": "Login.iClickOnLoginButton()"
            },
            "keyword": "And "
          },
          {
            "result": {
              "status": "skipped"
            },
            "line": 10,
            "name": "i should be successfully logged in",
            "match": {
              "location": "Login.iShouldBeSuccessfullyLoggedIn()"
            },
            "keyword": "Then "
          }
        ]
      }
    ],
    "name": "Login",
    "description": "",
    "id": "login",
    "keyword": "Feature",
    "uri": "login.feature",
    "tags": [
      {
        "line": 1,
        "name": "@Login"
      }
    ]
  }
]